Started by user [8mha:////4JcNO2eXVR6/XoNojA2CF+q9mClDs9UKFwhrpfu3X/zgAAAAlx+LCAAAAAAAAP9b85aBtbiIQTGjNKU4P08vOT+vOD8nVc83PyU1x6OyILUoJzMv2y+/JJUBAhiZGBgqihhk0NSjKDWzXb3RdlLBUSYGJk8GtpzUvPSSDB8G5tKinBIGIZ+sxLJE/ZzEvHT94JKizLx0a6BxUmjGOUNodHsLgAzWEgZu/dLi1CL9xJTczDwAj6GcLcAAAAA=[0madmin
Running as SYSTEM
Building in workspace /var/jenkins_home/workspace/runcheck
[runcheck] $ /bin/sh -xe /tmp/jenkins7955776925966018086.sh
+ java -version
openjdk version "1.8.0_242"
OpenJDK Runtime Environment (build 1.8.0_242-b08)
OpenJDK 64-Bit Server VM (build 25.242-b08, mixed mode)
+ cd /var/mark59/dataHunterPerformanceTestSamples
+ ls -la
total 34380
drwxrwxr-x  6 jenkins jenkins     4096 Sep  4 10:02 .
drwxrwxr-x 15 jenkins jenkins     4096 Sep  4 10:06 ..
-rw-rw-r--  1 jenkins jenkins     1771 Sep  4 08:41 .classpath
-rw-rw-r--  1 jenkins jenkins    13505 Sep  4 08:41 .factorypath
-rw-rw-r--  1 jenkins jenkins      561 Sep  4 08:41 .project
drwxrwxr-x  2 jenkins jenkins     4096 Sep  4 08:41 .settings
-rw-rw-r--  1 jenkins jenkins     1506 Sep  4 07:25 DataHunterExecuteJmeterTest.bat
-rwxrwxr-x  1 jenkins jenkins     1542 Sep  4 07:25 DataHunterExecuteJmeterTest.sh
-rw-rw-r--  1 jenkins jenkins     1517 Sep  4 07:25 DeployDataHunterTestArtifactsToJmeter.bat
-rwxrwxr-x  1 jenkins jenkins     1654 Sep  4 07:25 DeployDataHunterTestArtifactsToJmeter.sh
-rw-rw-r--  1 jenkins jenkins     1542 Sep  4 07:25 _chromedriver_version_important_note.txt
-rwxrwxr-x  1 jenkins jenkins 11808880 Sep  4 07:25 chromedriver
-rw-rw-r--  1 jenkins jenkins  8674304 Sep  4 07:25 chromedriver.exe
-rw-rw-r--  1 jenkins jenkins 14478647 Sep  4 07:25 geckodriver.exe
-rw-rw-r--  1 jenkins jenkins    83951 Sep  4 08:47 jmeter.log
-rw-rw-r--  1 jenkins jenkins    54359 Sep  4 07:25 jmeter.properties
-rw-rw-r--  1 jenkins jenkins      966 Sep  4 07:25 mark59.properties
-rw-rw-r--  1 jenkins jenkins     9886 Sep  4 07:25 mark59serverprofiles.xlsx
-rw-rw-r--  1 jenkins jenkins     4214 Sep  4 07:25 pom.xml
drwxrwxr-x  3 jenkins jenkins     4096 Sep  4 09:43 src
drwxrwxr-x  6 jenkins jenkins     4096 Sep  4 08:41 target
drwxrwxr-x  2 jenkins jenkins     4096 Sep  4 10:02 test-plans
+ /var/apache-jmeter/bin/jmeter -n -X -f -t /var/mark59/dataHunterPerformanceTestSamples/test-plans/DataHunterSeleniumTestPlan.jmx -l /var/Mark59_Runs/Jmeter_Results/DataHunter/DataHunterTestResults.csv -JForceTxnFailPercent=0
Sep 09, 2020 12:19:29 AM java.util.prefs.FileSystemPreferences$1 run
INFO: Created user preferences directory.
Creating summariser <summary>
Created the tree successfully using /var/mark59/dataHunterPerformanceTestSamples/test-plans/DataHunterSeleniumTestPlan.jmx
Starting standalone test @ Wed Sep 09 00:19:29 UTC 2020 (1599610769993)
Waiting for possible Shutdown/StopTestNow/HeapDump/ThreadDump message on port 4445
OS property has been set to : LINUX
Sep 09, 2020 12:19:55 AM org.openqa.selenium.os.OsProcess checkForError
SEVERE: org.apache.commons.exec.ExecuteException: Process exited with an error: 127 (Exit value: 127)
org.openqa.selenium.WebDriverException: Timed out waiting for driver server to start.
Build info: version: 'unknown', revision: 'unknown', time: 'unknown'
System info: host: 'phil-Acer', ip: '127.0.1.1', os.name: 'Linux', os.arch: 'amd64', os.version: '5.4.0-40-generic', java.version: '1.8.0_242'
Driver info: driver.version: ChromeDriver
	at org.openqa.selenium.remote.service.DriverService.waitUntilAvailable(DriverService.java:202)
	at org.openqa.selenium.remote.service.DriverService.start(DriverService.java:188)
	at org.openqa.selenium.remote.service.DriverCommandExecutor.execute(DriverCommandExecutor.java:79)
	at org.openqa.selenium.remote.RemoteWebDriver.execute(RemoteWebDriver.java:552)
	at org.openqa.selenium.remote.RemoteWebDriver.startSession(RemoteWebDriver.java:213)
	at org.openqa.selenium.remote.RemoteWebDriver.<init>(RemoteWebDriver.java:131)
	at org.openqa.selenium.chrome.ChromeDriver.<init>(ChromeDriver.java:181)
	at org.openqa.selenium.chrome.ChromeDriver.<init>(ChromeDriver.java:168)
	at com.mark59.selenium.drivers.ChromeDriverBuilder.build(ChromeDriverBuilder.java:178)
	at com.mark59.selenium.drivers.ChromeDriverBuilder.build(ChromeDriverBuilder.java:47)
	at com.mark59.selenium.drivers.SeleniumDriverFactory.makeDriverWrapper(SeleniumDriverFactory.java:185)
	at com.mark59.selenium.corejmeterimpl.SeleniumIteratorAbstractJavaSamplerClient.runTest(SeleniumIteratorAbstractJavaSamplerClient.java:178)
	at org.apache.jmeter.protocol.java.sampler.JavaSampler.sample(JavaSampler.java:197)
	at org.apache.jmeter.threads.JMeterThread.doSampling(JMeterThread.java:630)
	at org.apache.jmeter.threads.JMeterThread.executeSamplePackage(JMeterThread.java:558)
	at org.apache.jmeter.threads.JMeterThread.processSampler(JMeterThread.java:489)
	at org.apache.jmeter.threads.JMeterThread.run(JMeterThread.java:256)
	at java.lang.Thread.run(Thread.java:748)
Caused by: org.openqa.selenium.net.UrlChecker$TimeoutException: Timed out waiting for [http://localhost:17687/status] to be available after 20021 ms
	at org.openqa.selenium.net.UrlChecker.waitUntilAvailable(UrlChecker.java:100)
	at org.openqa.selenium.remote.service.DriverService.waitUntilAvailable(DriverService.java:197)
	... 17 more
Caused by: java.util.concurrent.TimeoutException
	at java.util.concurrent.FutureTask.get(FutureTask.java:205)
	at com.google.common.util.concurrent.SimpleTimeLimiter.callWithTimeout(SimpleTimeLimiter.java:155)
	at org.openqa.selenium.net.UrlChecker.waitUntilAvailable(UrlChecker.java:75)
	... 18 more
java.lang.RuntimeException: An error has occured during the creation of the ChromeDriver - throwing Runtime exception
	at com.mark59.selenium.drivers.ChromeDriverBuilder.build(ChromeDriverBuilder.java:194)
	at com.mark59.selenium.drivers.ChromeDriverBuilder.build(ChromeDriverBuilder.java:47)
	at com.mark59.selenium.drivers.SeleniumDriverFactory.makeDriverWrapper(SeleniumDriverFactory.java:185)
	at com.mark59.selenium.corejmeterimpl.SeleniumIteratorAbstractJavaSamplerClient.runTest(SeleniumIteratorAbstractJavaSamplerClient.java:178)
	at org.apache.jmeter.protocol.java.sampler.JavaSampler.sample(JavaSampler.java:197)
	at org.apache.jmeter.threads.JMeterThread.doSampling(JMeterThread.java:630)
	at org.apache.jmeter.threads.JMeterThread.executeSamplePackage(JMeterThread.java:558)
	at org.apache.jmeter.threads.JMeterThread.processSampler(JMeterThread.java:489)
	at org.apache.jmeter.threads.JMeterThread.run(JMeterThread.java:256)
	at java.lang.Thread.run(Thread.java:748)
Sep 09, 2020 12:19:55 AM org.openqa.selenium.os.OsProcess checkForError
SEVERE: org.apache.commons.exec.ExecuteException: Process exited with an error: 127 (Exit value: 127)
org.openqa.selenium.WebDriverException: Timed out waiting for driver server to start.
Build info: version: 'unknown', revision: 'unknown', time: 'unknown'
System info: host: 'phil-Acer', ip: '127.0.1.1', os.name: 'Linux', os.arch: 'amd64', os.version: '5.4.0-40-generic', java.version: '1.8.0_242'
Driver info: driver.version: ChromeDriver
	at org.openqa.selenium.remote.service.DriverService.waitUntilAvailable(DriverService.java:202)
	at org.openqa.selenium.remote.service.DriverService.start(DriverService.java:188)
	at org.openqa.selenium.remote.service.DriverCommandExecutor.execute(DriverCommandExecutor.java:79)
	at org.openqa.selenium.remote.RemoteWebDriver.execute(RemoteWebDriver.java:552)
	at org.openqa.selenium.remote.RemoteWebDriver.startSession(RemoteWebDriver.java:213)
	at org.openqa.selenium.remote.RemoteWebDriver.<init>(RemoteWebDriver.java:131)
	at org.openqa.selenium.chrome.ChromeDriver.<init>(ChromeDriver.java:181)
	at org.openqa.selenium.chrome.ChromeDriver.<init>(ChromeDriver.java:168)
	at com.mark59.selenium.drivers.ChromeDriverBuilder.build(ChromeDriverBuilder.java:178)
	at com.mark59.selenium.drivers.ChromeDriverBuilder.build(ChromeDriverBuilder.java:47)
	at com.mark59.selenium.drivers.SeleniumDriverFactory.makeDriverWrapper(SeleniumDriverFactory.java:185)
	at com.mark59.selenium.corejmeterimpl.SeleniumAbstractJavaSamplerClient.runTest(SeleniumAbstractJavaSamplerClient.java:189)
	at org.apache.jmeter.protocol.java.sampler.JavaSampler.sample(JavaSampler.java:197)
	at org.apache.jmeter.threads.JMeterThread.doSampling(JMeterThread.java:630)
	at org.apache.jmeter.threads.JMeterThread.executeSamplePackage(JMeterThread.java:558)
	at org.apache.jmeter.threads.JMeterThread.processSampler(JMeterThread.java:489)
	at org.apache.jmeter.threads.JMeterThread.run(JMeterThread.java:256)
	at java.lang.Thread.run(Thread.java:748)
Caused by: org.openqa.selenium.net.UrlChecker$TimeoutException: Timed out waiting for [http://localhost:24479/status] to be available after 20016 ms
	at org.openqa.selenium.net.UrlChecker.waitUntilAvailable(UrlChecker.java:100)
	at org.openqa.selenium.remote.service.DriverService.waitUntilAvailable(DriverService.java:197)
	... 17 more
Caused by: java.util.concurrent.TimeoutException
	at java.util.concurrent.FutureTask.get(FutureTask.java:205)
	at com.google.common.util.concurrent.SimpleTimeLimiter.callWithTimeout(SimpleTimeLimiter.java:155)
	at org.openqa.selenium.net.UrlChecker.waitUntilAvailable(UrlChecker.java:75)
	... 18 more
java.lang.RuntimeException: An error has occured during the creation of the ChromeDriver - throwing Runtime exception
	at com.mark59.selenium.drivers.ChromeDriverBuilder.build(ChromeDriverBuilder.java:194)
	at com.mark59.selenium.drivers.ChromeDriverBuilder.build(ChromeDriverBuilder.java:47)
	at com.mark59.selenium.drivers.SeleniumDriverFactory.makeDriverWrapper(SeleniumDriverFactory.java:185)
	at com.mark59.selenium.corejmeterimpl.SeleniumAbstractJavaSamplerClient.runTest(SeleniumAbstractJavaSamplerClient.java:189)
	at org.apache.jmeter.protocol.java.sampler.JavaSampler.sample(JavaSampler.java:197)
	at org.apache.jmeter.threads.JMeterThread.doSampling(JMeterThread.java:630)
	at org.apache.jmeter.threads.JMeterThread.executeSamplePackage(JMeterThread.java:558)
	at org.apache.jmeter.threads.JMeterThread.processSampler(JMeterThread.java:489)
	at org.apache.jmeter.threads.JMeterThread.run(JMeterThread.java:256)
	at java.lang.Thread.run(Thread.java:748)
Sep 09, 2020 12:20:03 AM org.openqa.selenium.os.OsProcess checkForError
SEVERE: org.apache.commons.exec.ExecuteException: Process exited with an error: 127 (Exit value: 127)
org.openqa.selenium.WebDriverException: Timed out waiting for driver server to start.
Build info: version: 'unknown', revision: 'unknown', time: 'unknown'
System info: host: 'phil-Acer', ip: '127.0.1.1', os.name: 'Linux', os.arch: 'amd64', os.version: '5.4.0-40-generic', java.version: '1.8.0_242'
Driver info: driver.version: ChromeDriver
	at org.openqa.selenium.remote.service.DriverService.waitUntilAvailable(DriverService.java:202)
	at org.openqa.selenium.remote.service.DriverService.start(DriverService.java:188)
	at org.openqa.selenium.remote.service.DriverCommandExecutor.execute(DriverCommandExecutor.java:79)
	at org.openqa.selenium.remote.RemoteWebDriver.execute(RemoteWebDriver.java:552)
	at org.openqa.selenium.remote.RemoteWebDriver.startSession(RemoteWebDriver.java:213)
	at org.openqa.selenium.remote.RemoteWebDriver.<init>(RemoteWebDriver.java:131)
	at org.openqa.selenium.chrome.ChromeDriver.<init>(ChromeDriver.java:181)
	at org.openqa.selenium.chrome.ChromeDriver.<init>(ChromeDriver.java:168)
	at com.mark59.selenium.drivers.ChromeDriverBuilder.build(ChromeDriverBuilder.java:178)
	at com.mark59.selenium.drivers.ChromeDriverBuilder.build(ChromeDriverBuilder.java:47)
	at com.mark59.selenium.drivers.SeleniumDriverFactory.makeDriverWrapper(SeleniumDriverFactory.java:185)
	at com.mark59.selenium.corejmeterimpl.SeleniumIteratorAbstractJavaSamplerClient.runTest(SeleniumIteratorAbstractJavaSamplerClient.java:178)
	at org.apache.jmeter.protocol.java.sampler.JavaSampler.sample(JavaSampler.java:197)
	at org.apache.jmeter.threads.JMeterThread.doSampling(JMeterThread.java:630)
	at org.apache.jmeter.threads.JMeterThread.executeSamplePackage(JMeterThread.java:558)
	at org.apache.jmeter.threads.JMeterThread.processSampler(JMeterThread.java:489)
	at org.apache.jmeter.threads.JMeterThread.run(JMeterThread.java:256)
	at java.lang.Thread.run(Thread.java:748)
Caused by: org.openqa.selenium.net.UrlChecker$TimeoutException: Timed out waiting for [http://localhost:26562/status] to be available after 20000 ms
	at org.openqa.selenium.net.UrlChecker.waitUntilAvailable(UrlChecker.java:100)
	at org.openqa.selenium.remote.service.DriverService.waitUntilAvailable(DriverService.java:197)
	... 17 more
Caused by: java.util.concurrent.TimeoutException
	at java.util.concurrent.FutureTask.get(FutureTask.java:205)
	at com.google.common.util.concurrent.SimpleTimeLimiter.callWithTimeout(SimpleTimeLimiter.java:155)
	at org.openqa.selenium.net.UrlChecker.waitUntilAvailable(UrlChecker.java:75)
	... 18 more
java.lang.RuntimeException: An error has occured during the creation of the ChromeDriver - throwing Runtime exception
	at com.mark59.selenium.drivers.ChromeDriverBuilder.build(ChromeDriverBuilder.java:194)
	at com.mark59.selenium.drivers.ChromeDriverBuilder.build(ChromeDriverBuilder.java:47)
	at com.mark59.selenium.drivers.SeleniumDriverFactory.makeDriverWrapper(SeleniumDriverFactory.java:185)
	at com.mark59.selenium.corejmeterimpl.SeleniumIteratorAbstractJavaSamplerClient.runTest(SeleniumIteratorAbstractJavaSamplerClient.java:178)
	at org.apache.jmeter.protocol.java.sampler.JavaSampler.sample(JavaSampler.java:197)
	at org.apache.jmeter.threads.JMeterThread.doSampling(JMeterThread.java:630)
	at org.apache.jmeter.threads.JMeterThread.executeSamplePackage(JMeterThread.java:558)
	at org.apache.jmeter.threads.JMeterThread.processSampler(JMeterThread.java:489)
	at org.apache.jmeter.threads.JMeterThread.run(JMeterThread.java:256)
	at java.lang.Thread.run(Thread.java:748)
Sep 09, 2020 12:20:06 AM org.openqa.selenium.os.OsProcess checkForError
SEVERE: org.apache.commons.exec.ExecuteException: Process exited with an error: 127 (Exit value: 127)
org.openqa.selenium.WebDriverException: Timed out waiting for driver server to start.
Build info: version: 'unknown', revision: 'unknown', time: 'unknown'
System info: host: 'phil-Acer', ip: '127.0.1.1', os.name: 'Linux', os.arch: 'amd64', os.version: '5.4.0-40-generic', java.version: '1.8.0_242'
Driver info: driver.version: ChromeDriver
	at org.openqa.selenium.remote.service.DriverService.waitUntilAvailable(DriverService.java:202)
	at org.openqa.selenium.remote.service.DriverService.start(DriverService.java:188)
	at org.openqa.selenium.remote.service.DriverCommandExecutor.execute(DriverCommandExecutor.java:79)
	at org.openqa.selenium.remote.RemoteWebDriver.execute(RemoteWebDriver.java:552)
	at org.openqa.selenium.remote.RemoteWebDriver.startSession(RemoteWebDriver.java:213)
	at org.openqa.selenium.remote.RemoteWebDriver.<init>(RemoteWebDriver.java:131)
	at org.openqa.selenium.chrome.ChromeDriver.<init>(ChromeDriver.java:181)
	at org.openqa.selenium.chrome.ChromeDriver.<init>(ChromeDriver.java:168)
	at com.mark59.selenium.drivers.ChromeDriverBuilder.build(ChromeDriverBuilder.java:178)
	at com.mark59.selenium.drivers.ChromeDriverBuilder.build(ChromeDriverBuilder.java:47)
	at com.mark59.selenium.drivers.SeleniumDriverFactory.makeDriverWrapper(SeleniumDriverFactory.java:185)
	at com.mark59.selenium.corejmeterimpl.SeleniumAbstractJavaSamplerClient.runTest(SeleniumAbstractJavaSamplerClient.java:189)
	at org.apache.jmeter.protocol.java.sampler.JavaSampler.sample(JavaSampler.java:197)
	at org.apache.jmeter.threads.JMeterThread.doSampling(JMeterThread.java:630)
	at org.apache.jmeter.threads.JMeterThread.executeSamplePackage(JMeterThread.java:558)
	at org.apache.jmeter.threads.JMeterThread.processSampler(JMeterThread.java:489)
	at org.apache.jmeter.threads.JMeterThread.run(JMeterThread.java:256)
	at java.lang.Thread.run(Thread.java:748)
Caused by: org.openqa.selenium.net.UrlChecker$TimeoutException: Timed out waiting for [http://localhost:25806/status] to be available after 20004 ms
	at org.openqa.selenium.net.UrlChecker.waitUntilAvailable(UrlChecker.java:100)
	at org.openqa.selenium.remote.service.DriverService.waitUntilAvailable(DriverService.java:197)
	... 17 more
Caused by: java.util.concurrent.TimeoutException
	at java.util.concurrent.FutureTask.get(FutureTask.java:205)
	at com.google.common.util.concurrent.SimpleTimeLimiter.callWithTimeout(SimpleTimeLimiter.java:155)
	at org.openqa.selenium.net.UrlChecker.waitUntilAvailable(UrlChecker.java:75)
	... 18 more
java.lang.RuntimeException: An error has occured during the creation of the ChromeDriver - throwing Runtime exception
	at com.mark59.selenium.drivers.ChromeDriverBuilder.build(ChromeDriverBuilder.java:194)
	at com.mark59.selenium.drivers.ChromeDriverBuilder.build(ChromeDriverBuilder.java:47)
	at com.mark59.selenium.drivers.SeleniumDriverFactory.makeDriverWrapper(SeleniumDriverFactory.java:185)
	at com.mark59.selenium.corejmeterimpl.SeleniumAbstractJavaSamplerClient.runTest(SeleniumAbstractJavaSamplerClient.java:189)
	at org.apache.jmeter.protocol.java.sampler.JavaSampler.sample(JavaSampler.java:197)
	at org.apache.jmeter.threads.JMeterThread.doSampling(JMeterThread.java:630)
	at org.apache.jmeter.threads.JMeterThread.executeSamplePackage(JMeterThread.java:558)
	at org.apache.jmeter.threads.JMeterThread.processSampler(JMeterThread.java:489)
	at org.apache.jmeter.threads.JMeterThread.run(JMeterThread.java:256)
	at java.lang.Thread.run(Thread.java:748)
Sep 09, 2020 12:20:16 AM org.openqa.selenium.os.OsProcess checkForError
SEVERE: org.apache.commons.exec.ExecuteException: Process exited with an error: 127 (Exit value: 127)
org.openqa.selenium.WebDriverException: Timed out waiting for driver server to start.
Build info: version: 'unknown', revision: 'unknown', time: 'unknown'
System info: host: 'phil-Acer', ip: '127.0.1.1', os.name: 'Linux', os.arch: 'amd64', os.version: '5.4.0-40-generic', java.version: '1.8.0_242'
Driver info: driver.version: ChromeDriver
	at org.openqa.selenium.remote.service.DriverService.waitUntilAvailable(DriverService.java:202)
	at org.openqa.selenium.remote.service.DriverService.start(DriverService.java:188)
	at org.openqa.selenium.remote.service.DriverCommandExecutor.execute(DriverCommandExecutor.java:79)
	at org.openqa.selenium.remote.RemoteWebDriver.execute(RemoteWebDriver.java:552)
	at org.openqa.selenium.remote.RemoteWebDriver.startSession(RemoteWebDriver.java:213)
	at org.openqa.selenium.remote.RemoteWebDriver.<init>(RemoteWebDriver.java:131)
	at org.openqa.selenium.chrome.ChromeDriver.<init>(ChromeDriver.java:181)
	at org.openqa.selenium.chrome.ChromeDriver.<init>(ChromeDriver.java:168)
	at com.mark59.selenium.drivers.ChromeDriverBuilder.build(ChromeDriverBuilder.java:178)
	at com.mark59.selenium.drivers.ChromeDriverBuilder.build(ChromeDriverBuilder.java:47)
	at com.mark59.selenium.drivers.SeleniumDriverFactory.makeDriverWrapper(SeleniumDriverFactory.java:185)
	at com.mark59.selenium.corejmeterimpl.SeleniumAbstractJavaSamplerClient.runTest(SeleniumAbstractJavaSamplerClient.java:189)
	at org.apache.jmeter.protocol.java.sampler.JavaSampler.sample(JavaSampler.java:197)
	at org.apache.jmeter.threads.JMeterThread.doSampling(JMeterThread.java:630)
	at org.apache.jmeter.threads.JMeterThread.executeSamplePackage(JMeterThread.java:558)
	at org.apache.jmeter.threads.JMeterThread.processSampler(JMeterThread.java:489)
	at org.apache.jmeter.threads.JMeterThread.run(JMeterThread.java:256)
	at java.lang.Thread.run(Thread.java:748)
Caused by: org.openqa.selenium.net.UrlChecker$TimeoutException: Timed out waiting for [http://localhost:3357/status] to be available after 20000 ms
	at org.openqa.selenium.net.UrlChecker.waitUntilAvailable(UrlChecker.java:100)
	at org.openqa.selenium.remote.service.DriverService.waitUntilAvailable(DriverService.java:197)
	... 17 more
Caused by: java.util.concurrent.TimeoutException
	at java.util.concurrent.FutureTask.get(FutureTask.java:205)
	at com.google.common.util.concurrent.SimpleTimeLimiter.callWithTimeout(SimpleTimeLimiter.java:155)
	at org.openqa.selenium.net.UrlChecker.waitUntilAvailable(UrlChecker.java:75)
	... 18 more
java.lang.RuntimeException: An error has occured during the creation of the ChromeDriver - throwing Runtime exception
	at com.mark59.selenium.drivers.ChromeDriverBuilder.build(ChromeDriverBuilder.java:194)
	at com.mark59.selenium.drivers.ChromeDriverBuilder.build(ChromeDriverBuilder.java:47)
	at com.mark59.selenium.drivers.SeleniumDriverFactory.makeDriverWrapper(SeleniumDriverFactory.java:185)
	at com.mark59.selenium.corejmeterimpl.SeleniumAbstractJavaSamplerClient.runTest(SeleniumAbstractJavaSamplerClient.java:189)
	at org.apache.jmeter.protocol.java.sampler.JavaSampler.sample(JavaSampler.java:197)
	at org.apache.jmeter.threads.JMeterThread.doSampling(JMeterThread.java:630)
	at org.apache.jmeter.threads.JMeterThread.executeSamplePackage(JMeterThread.java:558)
	at org.apache.jmeter.threads.JMeterThread.processSampler(JMeterThread.java:489)
	at org.apache.jmeter.threads.JMeterThread.run(JMeterThread.java:256)
	at java.lang.Thread.run(Thread.java:748)
Sep 09, 2020 12:20:30 AM org.openqa.selenium.os.OsProcess checkForError
SEVERE: org.apache.commons.exec.ExecuteException: Process exited with an error: 127 (Exit value: 127)
org.openqa.selenium.WebDriverException: Timed out waiting for driver server to start.
Build info: version: 'unknown', revision: 'unknown', time: 'unknown'
System info: host: 'phil-Acer', ip: '127.0.1.1', os.name: 'Linux', os.arch: 'amd64', os.version: '5.4.0-40-generic', java.version: '1.8.0_242'
Driver info: driver.version: ChromeDriver
	at org.openqa.selenium.remote.service.DriverService.waitUntilAvailable(DriverService.java:202)
	at org.openqa.selenium.remote.service.DriverService.start(DriverService.java:188)
	at org.openqa.selenium.remote.service.DriverCommandExecutor.execute(DriverCommandExecutor.java:79)
	at org.openqa.selenium.remote.RemoteWebDriver.execute(RemoteWebDriver.java:552)
	at org.openqa.selenium.remote.RemoteWebDriver.startSession(RemoteWebDriver.java:213)
	at org.openqa.selenium.remote.RemoteWebDriver.<init>(RemoteWebDriver.java:131)
	at org.openqa.selenium.chrome.ChromeDriver.<init>(ChromeDriver.java:181)
	at org.openqa.selenium.chrome.ChromeDriver.<init>(ChromeDriver.java:168)
	at com.mark59.selenium.drivers.ChromeDriverBuilder.build(ChromeDriverBuilder.java:178)
	at com.mark59.selenium.drivers.ChromeDriverBuilder.build(ChromeDriverBuilder.java:47)
	at com.mark59.selenium.drivers.SeleniumDriverFactory.makeDriverWrapper(SeleniumDriverFactory.java:185)
	at com.mark59.selenium.corejmeterimpl.SeleniumAbstractJavaSamplerClient.runTest(SeleniumAbstractJavaSamplerClient.java:189)
	at org.apache.jmeter.protocol.java.sampler.JavaSampler.sample(JavaSampler.java:197)
	at org.apache.jmeter.threads.JMeterThread.doSampling(JMeterThread.java:630)
	at org.apache.jmeter.threads.JMeterThread.executeSamplePackage(JMeterThread.java:558)
	at org.apache.jmeter.threads.JMeterThread.processSampler(JMeterThread.java:489)
	at org.apache.jmeter.threads.JMeterThread.run(JMeterThread.java:256)
	at java.lang.Thread.run(Thread.java:748)
Caused by: org.openqa.selenium.net.UrlChecker$TimeoutException: Timed out waiting for [http://localhost:10970/status] to be available after 20000 ms
	at org.openqa.selenium.net.UrlChecker.waitUntilAvailable(UrlChecker.java:100)
	at org.openqa.selenium.remote.service.DriverService.waitUntilAvailable(DriverService.java:197)
	... 17 more
Caused by: java.util.concurrent.TimeoutException
	at java.util.concurrent.FutureTask.get(FutureTask.java:205)
	at com.google.common.util.concurrent.SimpleTimeLimiter.callWithTimeout(SimpleTimeLimiter.java:155)
	at org.openqa.selenium.net.UrlChecker.waitUntilAvailable(UrlChecker.java:75)
	... 18 more
java.lang.RuntimeException: An error has occured during the creation of the ChromeDriver - throwing Runtime exception
	at com.mark59.selenium.drivers.ChromeDriverBuilder.build(ChromeDriverBuilder.java:194)
	at com.mark59.selenium.drivers.ChromeDriverBuilder.build(ChromeDriverBuilder.java:47)
	at com.mark59.selenium.drivers.SeleniumDriverFactory.makeDriverWrapper(SeleniumDriverFactory.java:185)
	at com.mark59.selenium.corejmeterimpl.SeleniumAbstractJavaSamplerClient.runTest(SeleniumAbstractJavaSamplerClient.java:189)
	at org.apache.jmeter.protocol.java.sampler.JavaSampler.sample(JavaSampler.java:197)
	at org.apache.jmeter.threads.JMeterThread.doSampling(JMeterThread.java:630)
	at org.apache.jmeter.threads.JMeterThread.executeSamplePackage(JMeterThread.java:558)
	at org.apache.jmeter.threads.JMeterThread.processSampler(JMeterThread.java:489)
	at org.apache.jmeter.threads.JMeterThread.run(JMeterThread.java:256)
	at java.lang.Thread.run(Thread.java:748)
Sep 09, 2020 12:20:39 AM org.openqa.selenium.os.OsProcess checkForError
SEVERE: org.apache.commons.exec.ExecuteException: Process exited with an error: 127 (Exit value: 127)
org.openqa.selenium.WebDriverException: Timed out waiting for driver server to start.
Build info: version: 'unknown', revision: 'unknown', time: 'unknown'
System info: host: 'phil-Acer', ip: '127.0.1.1', os.name: 'Linux', os.arch: 'amd64', os.version: '5.4.0-40-generic', java.version: '1.8.0_242'
Driver info: driver.version: ChromeDriver
	at org.openqa.selenium.remote.service.DriverService.waitUntilAvailable(DriverService.java:202)
	at org.openqa.selenium.remote.service.DriverService.start(DriverService.java:188)
	at org.openqa.selenium.remote.service.DriverCommandExecutor.execute(DriverCommandExecutor.java:79)
	at org.openqa.selenium.remote.RemoteWebDriver.execute(RemoteWebDriver.java:552)
	at org.openqa.selenium.remote.RemoteWebDriver.startSession(RemoteWebDriver.java:213)
	at org.openqa.selenium.remote.RemoteWebDriver.<init>(RemoteWebDriver.java:131)
	at org.openqa.selenium.chrome.ChromeDriver.<init>(ChromeDriver.java:181)
	at org.openqa.selenium.chrome.ChromeDriver.<init>(ChromeDriver.java:168)
	at com.mark59.selenium.drivers.ChromeDriverBuilder.build(ChromeDriverBuilder.java:178)
	at com.mark59.selenium.drivers.ChromeDriverBuilder.build(ChromeDriverBuilder.java:47)
	at com.mark59.selenium.drivers.SeleniumDriverFactory.makeDriverWrapper(SeleniumDriverFactory.java:185)
	at com.mark59.selenium.corejmeterimpl.SeleniumAbstractJavaSamplerClient.runTest(SeleniumAbstractJavaSamplerClient.java:189)
	at org.apache.jmeter.protocol.java.sampler.JavaSampler.sample(JavaSampler.java:197)
	at org.apache.jmeter.threads.JMeterThread.doSampling(JMeterThread.java:630)
	at org.apache.jmeter.threads.JMeterThread.executeSamplePackage(JMeterThread.java:558)
	at org.apache.jmeter.threads.JMeterThread.processSampler(JMeterThread.java:489)
	at org.apache.jmeter.threads.JMeterThread.run(JMeterThread.java:256)
	at java.lang.Thread.run(Thread.java:748)
Caused by: org.openqa.selenium.net.UrlChecker$TimeoutException: Timed out waiting for [http://localhost:2687/status] to be available after 20000 ms
	at org.openqa.selenium.net.UrlChecker.waitUntilAvailable(UrlChecker.java:100)
	at org.openqa.selenium.remote.service.DriverService.waitUntilAvailable(DriverService.java:197)
	... 17 more
Caused by: java.util.concurrent.TimeoutException
	at java.util.concurrent.FutureTask.get(FutureTask.java:205)
	at com.google.common.util.concurrent.SimpleTimeLimiter.callWithTimeout(SimpleTimeLimiter.java:155)
	at org.openqa.selenium.net.UrlChecker.waitUntilAvailable(UrlChecker.java:75)
	... 18 more
java.lang.RuntimeException: An error has occured during the creation of the ChromeDriver - throwing Runtime exception
	at com.mark59.selenium.drivers.ChromeDriverBuilder.build(ChromeDriverBuilder.java:194)
	at com.mark59.selenium.drivers.ChromeDriverBuilder.build(ChromeDriverBuilder.java:47)
	at com.mark59.selenium.drivers.SeleniumDriverFactory.makeDriverWrapper(SeleniumDriverFactory.java:185)
	at com.mark59.selenium.corejmeterimpl.SeleniumAbstractJavaSamplerClient.runTest(SeleniumAbstractJavaSamplerClient.java:189)
	at org.apache.jmeter.protocol.java.sampler.JavaSampler.sample(JavaSampler.java:197)
	at org.apache.jmeter.threads.JMeterThread.doSampling(JMeterThread.java:630)
	at org.apache.jmeter.threads.JMeterThread.executeSamplePackage(JMeterThread.java:558)
	at org.apache.jmeter.threads.JMeterThread.processSampler(JMeterThread.java:489)
	at org.apache.jmeter.threads.JMeterThread.run(JMeterThread.java:256)
	at java.lang.Thread.run(Thread.java:748)
Sep 09, 2020 12:20:57 AM org.openqa.selenium.os.OsProcess checkForError
SEVERE: org.apache.commons.exec.ExecuteException: Process exited with an error: 127 (Exit value: 127)
org.openqa.selenium.WebDriverException: Timed out waiting for driver server to start.
Build info: version: 'unknown', revision: 'unknown', time: 'unknown'
System info: host: 'phil-Acer', ip: '127.0.1.1', os.name: 'Linux', os.arch: 'amd64', os.version: '5.4.0-40-generic', java.version: '1.8.0_242'
Driver info: driver.version: ChromeDriver
	at org.openqa.selenium.remote.service.DriverService.waitUntilAvailable(DriverService.java:202)
	at org.openqa.selenium.remote.service.DriverService.start(DriverService.java:188)
	at org.openqa.selenium.remote.service.DriverCommandExecutor.execute(DriverCommandExecutor.java:79)
	at org.openqa.selenium.remote.RemoteWebDriver.execute(RemoteWebDriver.java:552)
	at org.openqa.selenium.remote.RemoteWebDriver.startSession(RemoteWebDriver.java:213)
	at org.openqa.selenium.remote.RemoteWebDriver.<init>(RemoteWebDriver.java:131)
	at org.openqa.selenium.chrome.ChromeDriver.<init>(ChromeDriver.java:181)
	at org.openqa.selenium.chrome.ChromeDriver.<init>(ChromeDriver.java:168)
	at com.mark59.selenium.drivers.ChromeDriverBuilder.build(ChromeDriverBuilder.java:178)
	at com.mark59.selenium.drivers.ChromeDriverBuilder.build(ChromeDriverBuilder.java:47)
	at com.mark59.selenium.drivers.SeleniumDriverFactory.makeDriverWrapper(SeleniumDriverFactory.java:185)
	at com.mark59.selenium.corejmeterimpl.SeleniumAbstractJavaSamplerClient.runTest(SeleniumAbstractJavaSamplerClient.java:189)
	at org.apache.jmeter.protocol.java.sampler.JavaSampler.sample(JavaSampler.java:197)
	at org.apache.jmeter.threads.JMeterThread.doSampling(JMeterThread.java:630)
	at org.apache.jmeter.threads.JMeterThread.executeSamplePackage(JMeterThread.java:558)
	at org.apache.jmeter.threads.JMeterThread.processSampler(JMeterThread.java:489)
	at org.apache.jmeter.threads.JMeterThread.run(JMeterThread.java:256)
	at java.lang.Thread.run(Thread.java:748)
Caused by: org.openqa.selenium.net.UrlChecker$TimeoutException: Timed out waiting for [http://localhost:30838/status] to be available after 20000 ms
	at org.openqa.selenium.net.UrlChecker.waitUntilAvailable(UrlChecker.java:100)
	at org.openqa.selenium.remote.service.DriverService.waitUntilAvailable(DriverService.java:197)
	... 17 more
Caused by: java.util.concurrent.TimeoutException
	at java.util.concurrent.FutureTask.get(FutureTask.java:205)
	at com.google.common.util.concurrent.SimpleTimeLimiter.callWithTimeout(SimpleTimeLimiter.java:155)
	at org.openqa.selenium.net.UrlChecker.waitUntilAvailable(UrlChecker.java:75)
	... 18 more
java.lang.RuntimeException: An error has occured during the creation of the ChromeDriver - throwing Runtime exception
	at com.mark59.selenium.drivers.ChromeDriverBuilder.build(ChromeDriverBuilder.java:194)
	at com.mark59.selenium.drivers.ChromeDriverBuilder.build(ChromeDriverBuilder.java:47)
	at com.mark59.selenium.drivers.SeleniumDriverFactory.makeDriverWrapper(SeleniumDriverFactory.java:185)
	at com.mark59.selenium.corejmeterimpl.SeleniumAbstractJavaSamplerClient.runTest(SeleniumAbstractJavaSamplerClient.java:189)
	at org.apache.jmeter.protocol.java.sampler.JavaSampler.sample(JavaSampler.java:197)
	at org.apache.jmeter.threads.JMeterThread.doSampling(JMeterThread.java:630)
	at org.apache.jmeter.threads.JMeterThread.executeSamplePackage(JMeterThread.java:558)
	at org.apache.jmeter.threads.JMeterThread.processSampler(JMeterThread.java:489)
	at org.apache.jmeter.threads.JMeterThread.run(JMeterThread.java:256)
	at java.lang.Thread.run(Thread.java:748)
Sep 09, 2020 12:21:06 AM org.openqa.selenium.os.OsProcess checkForError
SEVERE: org.apache.commons.exec.ExecuteException: Process exited with an error: 127 (Exit value: 127)
org.openqa.selenium.WebDriverException: Timed out waiting for driver server to start.
Build info: version: 'unknown', revision: 'unknown', time: 'unknown'
System info: host: 'phil-Acer', ip: '127.0.1.1', os.name: 'Linux', os.arch: 'amd64', os.version: '5.4.0-40-generic', java.version: '1.8.0_242'
Driver info: driver.version: ChromeDriver
	at org.openqa.selenium.remote.service.DriverService.waitUntilAvailable(DriverService.java:202)
	at org.openqa.selenium.remote.service.DriverService.start(DriverService.java:188)
	at org.openqa.selenium.remote.service.DriverCommandExecutor.execute(DriverCommandExecutor.java:79)
	at org.openqa.selenium.remote.RemoteWebDriver.execute(RemoteWebDriver.java:552)
	at org.openqa.selenium.remote.RemoteWebDriver.startSession(RemoteWebDriver.java:213)
	at org.openqa.selenium.remote.RemoteWebDriver.<init>(RemoteWebDriver.java:131)
	at org.openqa.selenium.chrome.ChromeDriver.<init>(ChromeDriver.java:181)
	at org.openqa.selenium.chrome.ChromeDriver.<init>(ChromeDriver.java:168)
	at com.mark59.selenium.drivers.ChromeDriverBuilder.build(ChromeDriverBuilder.java:178)
	at com.mark59.selenium.drivers.ChromeDriverBuilder.build(ChromeDriverBuilder.java:47)
	at com.mark59.selenium.drivers.SeleniumDriverFactory.makeDriverWrapper(SeleniumDriverFactory.java:185)
	at com.mark59.selenium.corejmeterimpl.SeleniumAbstractJavaSamplerClient.runTest(SeleniumAbstractJavaSamplerClient.java:189)
	at org.apache.jmeter.protocol.java.sampler.JavaSampler.sample(JavaSampler.java:197)
	at org.apache.jmeter.threads.JMeterThread.doSampling(JMeterThread.java:630)
	at org.apache.jmeter.threads.JMeterThread.executeSamplePackage(JMeterThread.java:558)
	at org.apache.jmeter.threads.JMeterThread.processSampler(JMeterThread.java:489)
	at org.apache.jmeter.threads.JMeterThread.run(JMeterThread.java:256)
	at java.lang.Thread.run(Thread.java:748)
Caused by: org.openqa.selenium.net.UrlChecker$TimeoutException: Timed out waiting for [http://localhost:7167/status] to be available after 20000 ms
	at org.openqa.selenium.net.UrlChecker.waitUntilAvailable(UrlChecker.java:100)
	at org.openqa.selenium.remote.service.DriverService.waitUntilAvailable(DriverService.java:197)
	... 17 more
Caused by: java.util.concurrent.TimeoutException
	at java.util.concurrent.FutureTask.get(FutureTask.java:205)
	at com.google.common.util.concurrent.SimpleTimeLimiter.callWithTimeout(SimpleTimeLimiter.java:155)
	at org.openqa.selenium.net.UrlChecker.waitUntilAvailable(UrlChecker.java:75)
	... 18 more
java.lang.RuntimeException: An error has occured during the creation of the ChromeDriver - throwing Runtime exception
	at com.mark59.selenium.drivers.ChromeDriverBuilder.build(ChromeDriverBuilder.java:194)
	at com.mark59.selenium.drivers.ChromeDriverBuilder.build(ChromeDriverBuilder.java:47)
	at com.mark59.selenium.drivers.SeleniumDriverFactory.makeDriverWrapper(SeleniumDriverFactory.java:185)
	at com.mark59.selenium.corejmeterimpl.SeleniumAbstractJavaSamplerClient.runTest(SeleniumAbstractJavaSamplerClient.java:189)
	at org.apache.jmeter.protocol.java.sampler.JavaSampler.sample(JavaSampler.java:197)
	at org.apache.jmeter.threads.JMeterThread.doSampling(JMeterThread.java:630)
	at org.apache.jmeter.threads.JMeterThread.executeSamplePackage(JMeterThread.java:558)
	at org.apache.jmeter.threads.JMeterThread.processSampler(JMeterThread.java:489)
	at org.apache.jmeter.threads.JMeterThread.run(JMeterThread.java:256)
	at java.lang.Thread.run(Thread.java:748)
summary =      4 in 00:01:35 =    0.0/s Avg:  3158 Min:  2305 Max:  5577 Err:     0 (0.00%)
Tidying up ...    @ Wed Sep 09 00:21:06 UTC 2020 (1599610866528)
... end of run
Finished: SUCCESS
