Started by user [8mha:////4JcNO2eXVR6/XoNojA2CF+q9mClDs9UKFwhrpfu3X/zgAAAAlx+LCAAAAAAAAP9b85aBtbiIQTGjNKU4P08vOT+vOD8nVc83PyU1x6OyILUoJzMv2y+/JJUBAhiZGBgqihhk0NSjKDWzXb3RdlLBUSYGJk8GtpzUvPSSDB8G5tKinBIGIZ+sxLJE/ZzEvHT94JKizLx0a6BxUmjGOUNodHsLgAzWEgZu/dLi1CL9xJTczDwAj6GcLcAAAAA=[0madmin
Running as SYSTEM
Building in workspace /var/jenkins_home/workspace/runcheck
[runcheck] $ /bin/sh -xe /tmp/jenkins1808517684169027215.sh
+ java -version
openjdk version "1.8.0_242"
OpenJDK Runtime Environment (build 1.8.0_242-b08)
OpenJDK 64-Bit Server VM (build 25.242-b08, mixed mode)
+ cd /var/mark59/dataHunterPerformanceTestSamples
+ ls -la
total 34336
drwxrwxr-x  6 jenkins jenkins     4096 Sep  4 10:02 .
drwxrwxr-x 15 jenkins jenkins     4096 Sep  9 04:01 ..
-rw-rw-r--  1 jenkins jenkins     1771 Sep  4 08:41 .classpath
-rw-rw-r--  1 jenkins jenkins    13505 Sep  4 08:41 .factorypath
-rw-rw-r--  1 jenkins jenkins      561 Sep  4 08:41 .project
drwxrwxr-x  2 jenkins jenkins     4096 Sep  4 08:41 .settings
-rw-rw-r--  1 jenkins jenkins     1506 Sep  4 07:25 DataHunterExecuteJmeterTest.bat
-rwxrwxr-x  1 jenkins jenkins     1542 Sep  4 07:25 DataHunterExecuteJmeterTest.sh
-rw-rw-r--  1 jenkins jenkins     1517 Sep  4 07:25 DeployDataHunterTestArtifactsToJmeter.bat
-rwxrwxr-x  1 jenkins jenkins     1654 Sep  4 07:25 DeployDataHunterTestArtifactsToJmeter.sh
-rw-rw-r--  1 jenkins jenkins     1542 Sep  4 07:25 _chromedriver_version_important_note.txt
-rwxrwxr-x  1 jenkins jenkins 11808880 Sep  4 07:25 chromedriver
-rw-rw-r--  1 jenkins jenkins  8674304 Sep  4 07:25 chromedriver.exe
-rw-rw-r--  1 jenkins jenkins 14478647 Sep  4 07:25 geckodriver.exe
-rw-rw-r--  1 jenkins jenkins    40508 Sep  9 06:54 jmeter.log
-rw-rw-r--  1 jenkins jenkins    54359 Sep  4 07:25 jmeter.properties
-rw-rw-r--  1 jenkins jenkins      966 Sep  4 07:25 mark59.properties
-rw-rw-r--  1 jenkins jenkins     9886 Sep  4 07:25 mark59serverprofiles.xlsx
-rw-rw-r--  1 jenkins jenkins     4214 Sep  4 07:25 pom.xml
drwxrwxr-x  3 jenkins jenkins     4096 Sep  4 09:43 src
drwxrwxr-x  6 jenkins jenkins     4096 Sep  4 08:41 target
drwxrwxr-x  2 jenkins jenkins     4096 Sep  4 10:02 test-plans
+ /var/apache-jmeter/bin/jmeter -n -X -f -t /var/mark59/dataHunterPerformanceTestSamples/test-plans/DataHunterSeleniumTestPlan.jmx -l /var/Mark59_Runs/Jmeter_Results/DataHunter/DataHunterTestResults.csv -JForceTxnFailPercent=0
Sep 09, 2020 7:16:05 AM java.util.prefs.FileSystemPreferences$1 run
INFO: Created user preferences directory.
Creating summariser <summary>
Created the tree successfully using /var/mark59/dataHunterPerformanceTestSamples/test-plans/DataHunterSeleniumTestPlan.jmx
Starting standalone test @ Wed Sep 09 07:16:06 UTC 2020 (1599635766560)
Waiting for possible Shutdown/StopTestNow/HeapDump/ThreadDump message on port 4445
OS property has been set to : LINUX
org.openqa.selenium.WebDriverException: unknown error: Chrome failed to start: exited abnormally
  (unknown error: DevToolsActivePort file doesn't exist)
  (The process started from chrome location /usr/bin/google-chrome is no longer running, so ChromeDriver is assuming that Chrome has crashed.)
  (Driver info: chromedriver=2.44.609551 (5d576e9a44fe4c5b6a07e568f1ebc753f1214634),platform=Linux 5.4.0-40-generic x86_64) (WARNING: The server did not provide any stacktrace information)
Command duration or timeout: 923 milliseconds
Build info: version: 'unknown', revision: 'unknown', time: 'unknown'
System info: host: 'phil-Acer', ip: '127.0.1.1', os.name: 'Linux', os.arch: 'amd64', os.version: '5.4.0-40-generic', java.version: '1.8.0_242'
Driver info: driver.version: ChromeDriver
	at sun.reflect.NativeConstructorAccessorImpl.newInstance0(Native Method)
	at sun.reflect.NativeConstructorAccessorImpl.newInstance(NativeConstructorAccessorImpl.java:62)
	at sun.reflect.DelegatingConstructorAccessorImpl.newInstance(DelegatingConstructorAccessorImpl.java:45)
	at java.lang.reflect.Constructor.newInstance(Constructor.java:423)
	at org.openqa.selenium.remote.ErrorHandler.createThrowable(ErrorHandler.java:214)
	at org.openqa.selenium.remote.ErrorHandler.throwIfResponseFailed(ErrorHandler.java:166)
	at org.openqa.selenium.remote.JsonWireProtocolResponse.lambda$errorHandler$0(JsonWireProtocolResponse.java:54)
	at org.openqa.selenium.remote.HandshakeResponse.lambda$getResponseFunction$0(HandshakeResponse.java:30)
	at org.openqa.selenium.remote.ProtocolHandshake.lambda$createSession$0(ProtocolHandshake.java:126)
	at java.util.stream.ReferencePipeline$3$1.accept(ReferencePipeline.java:193)
	at java.util.Spliterators$ArraySpliterator.tryAdvance(Spliterators.java:958)
	at java.util.stream.ReferencePipeline.forEachWithCancel(ReferencePipeline.java:126)
	at java.util.stream.AbstractPipeline.copyIntoWithCancel(AbstractPipeline.java:499)
	at java.util.stream.AbstractPipeline.copyInto(AbstractPipeline.java:486)
	at java.util.stream.AbstractPipeline.wrapAndCopyInto(AbstractPipeline.java:472)
	at java.util.stream.FindOps$FindOp.evaluateSequential(FindOps.java:152)
	at java.util.stream.AbstractPipeline.evaluate(AbstractPipeline.java:234)
	at java.util.stream.ReferencePipeline.findFirst(ReferencePipeline.java:531)
	at org.openqa.selenium.remote.ProtocolHandshake.createSession(ProtocolHandshake.java:128)
	at org.openqa.selenium.remote.ProtocolHandshake.createSession(ProtocolHandshake.java:74)
	at org.openqa.selenium.remote.HttpCommandExecutor.execute(HttpCommandExecutor.java:136)
	at org.openqa.selenium.remote.service.DriverCommandExecutor.execute(DriverCommandExecutor.java:83)
	at org.openqa.selenium.remote.RemoteWebDriver.execute(RemoteWebDriver.java:552)
	at org.openqa.selenium.remote.RemoteWebDriver.startSession(RemoteWebDriver.java:213)
	at org.openqa.selenium.remote.RemoteWebDriver.<init>(RemoteWebDriver.java:131)
	at org.openqa.selenium.chrome.ChromeDriver.<init>(ChromeDriver.java:181)
	at org.openqa.selenium.chrome.ChromeDriver.<init>(ChromeDriver.java:168)
	at com.mark59.selenium.drivers.ChromeDriverBuilder.build(ChromeDriverBuilder.java:178)
	at com.mark59.selenium.drivers.ChromeDriverBuilder.build(ChromeDriverBuilder.java:47)
	at com.mark59.selenium.drivers.SeleniumDriverFactory.makeDriverWrapper(SeleniumDriverFactory.java:185)
	at com.mark59.selenium.corejmeterimpl.SeleniumIteratorAbstractJavaSamplerClient.runTest(SeleniumIteratorAbstractJavaSamplerClient.java:178)
	at org.apache.jmeter.protocol.java.sampler.JavaSampler.sample(JavaSampler.java:197)
	at org.apache.jmeter.threads.JMeterThread.doSampling(JMeterThread.java:630)
	at org.apache.jmeter.threads.JMeterThread.executeSamplePackage(JMeterThread.java:558)
	at org.apache.jmeter.threads.JMeterThread.processSampler(JMeterThread.java:489)
	at org.apache.jmeter.threads.JMeterThread.run(JMeterThread.java:256)
	at java.lang.Thread.run(Thread.java:748)
java.lang.RuntimeException: An error has occured during the creation of the ChromeDriver - throwing Runtime exception
	at com.mark59.selenium.drivers.ChromeDriverBuilder.build(ChromeDriverBuilder.java:194)
	at com.mark59.selenium.drivers.ChromeDriverBuilder.build(ChromeDriverBuilder.java:47)
	at com.mark59.selenium.drivers.SeleniumDriverFactory.makeDriverWrapper(SeleniumDriverFactory.java:185)
	at com.mark59.selenium.corejmeterimpl.SeleniumIteratorAbstractJavaSamplerClient.runTest(SeleniumIteratorAbstractJavaSamplerClient.java:178)
	at org.apache.jmeter.protocol.java.sampler.JavaSampler.sample(JavaSampler.java:197)
	at org.apache.jmeter.threads.JMeterThread.doSampling(JMeterThread.java:630)
	at org.apache.jmeter.threads.JMeterThread.executeSamplePackage(JMeterThread.java:558)
	at org.apache.jmeter.threads.JMeterThread.processSampler(JMeterThread.java:489)
	at org.apache.jmeter.threads.JMeterThread.run(JMeterThread.java:256)
	at java.lang.Thread.run(Thread.java:748)
summary +      3 in 00:00:26 =    0.1/s Avg:  7272 Min:  3488 Max: 13445 Err:     0 (0.00%) Active: 3 Started: 5 Finished: 2
summary +      8 in 00:00:59 =    0.1/s Avg: 11003 Min:  3668 Max: 13957 Err:     0 (0.00%) Active: 1 Started: 5 Finished: 4
summary =     11 in 00:01:25 =    0.1/s Avg:  9985 Min:  3488 Max: 13957 Err:     0 (0.00%)
summary =     11 in 00:01:25 =    0.1/s Avg:  9985 Min:  3488 Max: 13957 Err:     0 (0.00%)
Tidying up ...    @ Wed Sep 09 07:17:33 UTC 2020 (1599635853802)
... end of run
Finished: SUCCESS
